INFO       - 2025-01-07 16:46:56,336 - client          : logging in using static token
INFO       - 2025-01-07 16:46:57,358 - gateway         : Shard ID None has connected to Gateway (Session ID: ae0ab6a48bc66501c344995091bba80b).
INFO       - 2025-01-07 17:15:12,812 - gateway         : Shard ID None session has been invalidated.
INFO       - 2025-01-07 17:15:18,368 - gateway         : Shard ID None has connected to Gateway (Session ID: c39a16c017ce5a7b26f0a1036c5f948a).
ERROR      - 2025-01-07 17:15:20,901 - client          : Ignoring exception in on_ready
Traceback (most recent call last):
  File "C:\Users\asmeu\AppData\Local\Packages\PythonSoftwareFoundation.Python.3.11_qbz5n2kfra8p0\LocalCache\local-packages\Python311\site-packages\discord\client.py", line 449, in _run_event
    await coro(*args, **kwargs)
  File "c:\Projects\NudgeBot\cog_simple.py", line 15, in on_ready
    await bot.load_extension("cogs.greetings")
  File "C:\Users\asmeu\AppData\Local\Packages\PythonSoftwareFoundation.Python.3.11_qbz5n2kfra8p0\LocalCache\local-packages\Python311\site-packages\discord\ext\commands\bot.py", line 1023, in load_extension
    raise errors.ExtensionAlreadyLoaded(name)
discord.ext.commands.errors.ExtensionAlreadyLoaded: Extension 'cogs.greetings' is already loaded.
WARNING    - 2025-01-07 17:16:02,671 - gateway         : Can't keep up, shard ID None websocket is 49.7s behind.
WARNING    - 2025-01-07 18:35:17,478 - gateway         : Shard ID None has stopped responding to the gateway. Closing and restarting.
INFO       - 2025-01-07 18:35:17,750 - gateway         : Shard ID None session has been invalidated.
INFO       - 2025-01-07 18:35:23,121 - gateway         : Shard ID None has connected to Gateway (Session ID: 3214d9df57dc2491accf4c7884fcde26).
ERROR      - 2025-01-07 18:35:25,136 - client          : Ignoring exception in on_ready
Traceback (most recent call last):
  File "C:\Users\asmeu\AppData\Local\Packages\PythonSoftwareFoundation.Python.3.11_qbz5n2kfra8p0\LocalCache\local-packages\Python311\site-packages\discord\client.py", line 449, in _run_event
    await coro(*args, **kwargs)
  File "c:\Projects\NudgeBot\cog_simple.py", line 15, in on_ready
    await bot.load_extension("cogs.greetings")
  File "C:\Users\asmeu\AppData\Local\Packages\PythonSoftwareFoundation.Python.3.11_qbz5n2kfra8p0\LocalCache\local-packages\Python311\site-packages\discord\ext\commands\bot.py", line 1023, in load_extension
    raise errors.ExtensionAlreadyLoaded(name)
discord.ext.commands.errors.ExtensionAlreadyLoaded: Extension 'cogs.greetings' is already loaded.
